<?xml version="1.0" encoding="UTF-8"?>
<!-- Generated by org.testng.reporters.JUnitReportReporter -->
<testsuite skipped="0" hostname="TGC-VR-035" name="util.Excelreader" tests="1" failures="0" timestamp="26 Sep 2019 07:09:07 GMT" time="0.646" errors="0">
  <testcase name="test" time="0.646" classname="util.Excelreader"/>
</testsuite> <!-- util.Excelreader -->
