<?xml version="1.0" encoding="UTF-8"?>
<!-- Generated by org.testng.reporters.JUnitReportReporter -->
<testsuite skipped="0" hostname="Snehal" name="testcases.WalletHubTest" tests="4" failures="0" timestamp="31 Jul 2019 14:34:04 GMT" time="85.018" errors="0">
  <testcase name="login" time="54.064" classname="testcases.WalletHubTest"/>
  <testcase name="hoverOverStars_Verify" time="1.998" classname="testcases.WalletHubTest"/>
  <testcase name="writeReviewAndSubmit" time="14.934" classname="testcases.WalletHubTest"/>
  <testcase name="gotoProfileAndVerifyReview" time="14.022" classname="testcases.WalletHubTest"/>
</testsuite> <!-- testcases.WalletHubTest -->
