<?xml version="1.0" encoding="UTF-8"?>
<!-- Generated by org.testng.reporters.JUnitReportReporter -->
<testsuite skipped="0" hostname="Snehal" name="testcases.TestA" tests="4" failures="0" timestamp="10 Jul 2019 11:41:34 GMT" time="0.091" errors="0">
  <testcase name="D" time="0.005" classname="testcases.TestA"/>
  <testcase name="B" time="0.006" classname="testcases.TestA"/>
  <testcase name="A" time="0.073" classname="testcases.TestA"/>
  <testcase name="C" time="0.007" classname="testcases.TestA"/>
</testsuite> <!-- testcases.TestA -->
