<?xml version="1.0" encoding="UTF-8"?>
<!-- Generated by org.testng.reporters.JUnitReportReporter -->
<testsuite skipped="0" hostname="TGC-VR-035" name="testcases.maps.testCase" tests="1" failures="0" timestamp="01 Oct 2019 09:54:32 GMT" time="7.650" errors="0">
  <testcase name="mapTest" time="7.650" classname="testcases.maps.testCase"/>
</testsuite> <!-- testcases.maps.testCase -->
