<?xml version="1.0" encoding="UTF-8"?>
<!-- Generated by org.testng.reporters.JUnitReportReporter -->
<testsuite skipped="0" hostname="Snehal" name="ecommerceseleniumtest.Ecommercetest" tests="5" failures="0" timestamp="26 Jul 2019 13:45:19 GMT" time="89.731" errors="0">
  <testcase name="abce" time="0.055" classname="ecommerceseleniumtest.Ecommercetest"/>
  <testcase name="abcd" time="0.004" classname="ecommerceseleniumtest.Ecommercetest"/>
  <testcase name="launch" time="89.662" classname="ecommerceseleniumtest.Ecommercetest"/>
  <testcase name="abc1" time="0.004" classname="ecommerceseleniumtest.Ecommercetest"/>
  <testcase name="abc" time="0.006" classname="ecommerceseleniumtest.Ecommercetest"/>
</testsuite> <!-- ecommerceseleniumtest.Ecommercetest -->
